2016-05-01 00:00:57,513 [main] ERROR [com.alibaba.druid.pool.DruidDataSource] - init datasource error
com.mysql.jdbc.exceptions.jdbc4.CommunicationsException: Communications link failure

The last packet sent successfully to the server was 0 milliseconds ago. The driver has not received any packets from the server.
	at sun.reflect.NativeConstructorAccessorImpl.newInstance0(Native Method)
	at sun.reflect.NativeConstructorAccessorImpl.newInstance(NativeConstructorAccessorImpl.java:57)
	at sun.reflect.DelegatingConstructorAccessorImpl.newInstance(DelegatingConstructorAccessorImpl.java:45)
	at java.lang.reflect.Constructor.newInstance(Constructor.java:526)
	at com.mysql.jdbc.Util.handleNewInstance(Util.java:411)
	at com.mysql.jdbc.SQLError.createCommunicationsException(SQLError.java:1117)
	at com.mysql.jdbc.MysqlIO.<init>(MysqlIO.java:350)
	at com.mysql.jdbc.ConnectionImpl.coreConnect(ConnectionImpl.java:2393)
	at com.mysql.jdbc.ConnectionImpl.connectOneTryOnly(ConnectionImpl.java:2430)
	at com.mysql.jdbc.ConnectionImpl.createNewIO(ConnectionImpl.java:2215)
	at com.mysql.jdbc.ConnectionImpl.<init>(ConnectionImpl.java:813)
	at com.mysql.jdbc.JDBC4Connection.<init>(JDBC4Connection.java:47)
	at sun.reflect.NativeConstructorAccessorImpl.newInstance0(Native Method)
	at sun.reflect.NativeConstructorAccessorImpl.newInstance(NativeConstructorAccessorImpl.java:57)
	at sun.reflect.DelegatingConstructorAccessorImpl.newInstance(DelegatingConstructorAccessorImpl.java:45)
	at java.lang.reflect.Constructor.newInstance(Constructor.java:526)
	at com.mysql.jdbc.Util.handleNewInstance(Util.java:411)
	at com.mysql.jdbc.ConnectionImpl.getInstance(ConnectionImpl.java:399)
	at com.mysql.jdbc.NonRegisteringDriver.connect(NonRegisteringDriver.java:334)
	at com.alibaba.druid.pool.DruidAbstractDataSource.createPhysicalConnection(DruidAbstractDataSource.java:1353)
	at com.alibaba.druid.pool.DruidAbstractDataSource.createPhysicalConnection(DruidAbstractDataSource.java:1409)
	at com.alibaba.druid.pool.DruidDataSource.init(DruidDataSource.java:602)
	at sun.reflect.NativeMethodAccessorImpl.invoke0(Native Method)
	at sun.reflect.NativeMethodAccessorImpl.invoke(NativeMethodAccessorImpl.java:57)
	at sun.reflect.DelegatingMethodAccessorImpl.invoke(DelegatingMethodAccessorImpl.java:43)
	at java.lang.reflect.Method.invoke(Method.java:606)
	at org.springframework.beans.factory.support.AbstractAutowireCapableBeanFactory.invokeCustomInitMethod(AbstractAutowireCapableBeanFactory.java:1706)
	at org.springframework.beans.factory.support.AbstractAutowireCapableBeanFactory.invokeInitMethods(AbstractAutowireCapableBeanFactory.java:1645)
	at org.springframework.beans.factory.support.AbstractAutowireCapableBeanFactory.initializeBean(AbstractAutowireCapableBeanFactory.java:1574)
	at org.springframework.beans.factory.support.AbstractAutowireCapableBeanFactory.doCreateBean(AbstractAutowireCapableBeanFactory.java:545)
	at org.springframework.beans.factory.support.AbstractAutowireCapableBeanFactory.createBean(AbstractAutowireCapableBeanFactory.java:482)
	at org.springframework.beans.factory.support.AbstractBeanFactory$1.getObject(AbstractBeanFactory.java:306)
	at org.springframework.beans.factory.support.DefaultSingletonBeanRegistry.getSingleton(DefaultSingletonBeanRegistry.java:230)
	at org.springframework.beans.factory.support.AbstractBeanFactory.doGetBean(AbstractBeanFactory.java:302)
	at org.springframework.beans.factory.support.AbstractBeanFactory.getBean(AbstractBeanFactory.java:197)
	at org.springframework.beans.factory.support.BeanDefinitionValueResolver.resolveReference(BeanDefinitionValueResolver.java:351)
	at org.springframework.beans.factory.support.BeanDefinitionValueResolver.resolveValueIfNecessary(BeanDefinitionValueResolver.java:108)
	at org.springframework.beans.factory.support.AbstractAutowireCapableBeanFactory.applyPropertyValues(AbstractAutowireCapableBeanFactory.java:1481)
	at org.springframework.beans.factory.support.AbstractAutowireCapableBeanFactory.populateBean(AbstractAutowireCapableBeanFactory.java:1226)
	at org.springframework.beans.factory.support.AbstractAutowireCapableBeanFactory.doCreateBean(AbstractAutowireCapableBeanFactory.java:543)
	at org.springframework.beans.factory.support.AbstractAutowireCapableBeanFactory.createBean(AbstractAutowireCapableBeanFactory.java:482)
	at org.springframework.beans.factory.support.AbstractBeanFactory$1.getObject(AbstractBeanFactory.java:306)
	at org.springframework.beans.factory.support.DefaultSingletonBeanRegistry.getSingleton(DefaultSingletonBeanRegistry.java:230)
	at org.springframework.beans.factory.support.AbstractBeanFactory.doGetBean(AbstractBeanFactory.java:302)
	at org.springframework.beans.factory.support.AbstractBeanFactory.getBean(AbstractBeanFactory.java:197)
	at org.springframework.beans.factory.support.BeanDefinitionValueResolver.resolveReference(BeanDefinitionValueResolver.java:351)
	at org.springframework.beans.factory.support.BeanDefinitionValueResolver.resolveValueIfNecessary(BeanDefinitionValueResolver.java:108)
	at org.springframework.beans.factory.support.AbstractAutowireCapableBeanFactory.applyPropertyValues(AbstractAutowireCapableBeanFactory.java:1481)
	at org.springframework.beans.factory.support.AbstractAutowireCapableBeanFactory.populateBean(AbstractAutowireCapableBeanFactory.java:1226)
	at org.springframework.beans.factory.support.AbstractAutowireCapableBeanFactory.doCreateBean(AbstractAutowireCapableBeanFactory.java:543)
	at org.springframework.beans.factory.support.AbstractAutowireCapableBeanFactory.createBean(AbstractAutowireCapableBeanFactory.java:482)
	at org.springframework.beans.factory.support.AbstractBeanFactory$1.getObject(AbstractBeanFactory.java:306)
	at org.springframework.beans.factory.support.DefaultSingletonBeanRegistry.getSingleton(DefaultSingletonBeanRegistry.java:230)
	at org.springframework.beans.factory.support.AbstractBeanFactory.doGetBean(AbstractBeanFactory.java:302)
	at org.springframework.beans.factory.support.AbstractBeanFactory.getBean(AbstractBeanFactory.java:202)
	at org.springframework.context.support.PostProcessorRegistrationDelegate.invokeBeanFactoryPostProcessors(PostProcessorRegistrationDelegate.java:120)
	at org.springframework.context.support.AbstractApplicationContext.invokeBeanFactoryPostProcessors(AbstractApplicationContext.java:678)
	at org.springframework.context.support.AbstractApplicationContext.refresh(AbstractApplicationContext.java:520)
	at org.springframework.web.context.ContextLoader.configureAndRefreshWebApplicationContext(ContextLoader.java:444)
	at org.springframework.web.context.ContextLoader.initWebApplicationContext(ContextLoader.java:326)
	at org.springframework.web.context.ContextLoaderListener.contextInitialized(ContextLoaderListener.java:107)
	at org.mortbay.jetty.handler.ContextHandler.startContext(ContextHandler.java:549)
	at org.mortbay.jetty.servlet.Context.startContext(Context.java:136)
	at org.mortbay.jetty.webapp.WebAppContext.startContext(WebAppContext.java:1282)
	at org.mortbay.jetty.handler.ContextHandler.doStart(ContextHandler.java:518)
	at org.mortbay.jetty.webapp.WebAppContext.doStart(WebAppContext.java:499)
	at org.mortbay.component.AbstractLifeCycle.start(AbstractLifeCycle.java:50)
	at org.mortbay.jetty.handler.HandlerWrapper.doStart(HandlerWrapper.java:130)
	at org.mortbay.jetty.Server.doStart(Server.java:224)
	at org.mortbay.component.AbstractLifeCycle.start(AbstractLifeCycle.java:50)
	at runjettyrun.Bootstrap.main(Bootstrap.java:97)
Caused by: java.net.ConnectException: Operation timed out
	at java.net.PlainSocketImpl.socketConnect(Native Method)
	at java.net.AbstractPlainSocketImpl.doConnect(AbstractPlainSocketImpl.java:339)
	at java.net.AbstractPlainSocketImpl.connectToAddress(AbstractPlainSocketImpl.java:200)
	at java.net.AbstractPlainSocketImpl.connect(AbstractPlainSocketImpl.java:182)
	at java.net.SocksSocketImpl.connect(SocksSocketImpl.java:392)
	at java.net.Socket.connect(Socket.java:579)
	at java.net.Socket.connect(Socket.java:528)
	at java.net.Socket.<init>(Socket.java:425)
	at java.net.Socket.<init>(Socket.java:241)
	at com.mysql.jdbc.StandardSocketFactory.connect(StandardSocketFactory.java:257)
	at com.mysql.jdbc.MysqlIO.<init>(MysqlIO.java:300)
	... 64 more
2016-05-01 00:00:57,529 [main] ERROR [com.alibaba.druid.pool.DruidDataSource] - dataSource init error
com.mysql.jdbc.exceptions.jdbc4.CommunicationsException: Communications link failure

The last packet sent successfully to the server was 0 milliseconds ago. The driver has not received any packets from the server.
	at sun.reflect.NativeConstructorAccessorImpl.newInstance0(Native Method)
	at sun.reflect.NativeConstructorAccessorImpl.newInstance(NativeConstructorAccessorImpl.java:57)
	at sun.reflect.DelegatingConstructorAccessorImpl.newInstance(DelegatingConstructorAccessorImpl.java:45)
	at java.lang.reflect.Constructor.newInstance(Constructor.java:526)
	at com.mysql.jdbc.Util.handleNewInstance(Util.java:411)
	at com.mysql.jdbc.SQLError.createCommunicationsException(SQLError.java:1117)
	at com.mysql.jdbc.MysqlIO.<init>(MysqlIO.java:350)
	at com.mysql.jdbc.ConnectionImpl.coreConnect(ConnectionImpl.java:2393)
	at com.mysql.jdbc.ConnectionImpl.connectOneTryOnly(ConnectionImpl.java:2430)
	at com.mysql.jdbc.ConnectionImpl.createNewIO(ConnectionImpl.java:2215)
	at com.mysql.jdbc.ConnectionImpl.<init>(ConnectionImpl.java:813)
	at com.mysql.jdbc.JDBC4Connection.<init>(JDBC4Connection.java:47)
	at sun.reflect.NativeConstructorAccessorImpl.newInstance0(Native Method)
	at sun.reflect.NativeConstructorAccessorImpl.newInstance(NativeConstructorAccessorImpl.java:57)
	at sun.reflect.DelegatingConstructorAccessorImpl.newInstance(DelegatingConstructorAccessorImpl.java:45)
	at java.lang.reflect.Constructor.newInstance(Constructor.java:526)
	at com.mysql.jdbc.Util.handleNewInstance(Util.java:411)
	at com.mysql.jdbc.ConnectionImpl.getInstance(ConnectionImpl.java:399)
	at com.mysql.jdbc.NonRegisteringDriver.connect(NonRegisteringDriver.java:334)
	at com.alibaba.druid.pool.DruidAbstractDataSource.createPhysicalConnection(DruidAbstractDataSource.java:1353)
	at com.alibaba.druid.pool.DruidAbstractDataSource.createPhysicalConnection(DruidAbstractDataSource.java:1409)
	at com.alibaba.druid.pool.DruidDataSource.init(DruidDataSource.java:602)
	at sun.reflect.NativeMethodAccessorImpl.invoke0(Native Method)
	at sun.reflect.NativeMethodAccessorImpl.invoke(NativeMethodAccessorImpl.java:57)
	at sun.reflect.DelegatingMethodAccessorImpl.invoke(DelegatingMethodAccessorImpl.java:43)
	at java.lang.reflect.Method.invoke(Method.java:606)
	at org.springframework.beans.factory.support.AbstractAutowireCapableBeanFactory.invokeCustomInitMethod(AbstractAutowireCapableBeanFactory.java:1706)
	at org.springframework.beans.factory.support.AbstractAutowireCapableBeanFactory.invokeInitMethods(AbstractAutowireCapableBeanFactory.java:1645)
	at org.springframework.beans.factory.support.AbstractAutowireCapableBeanFactory.initializeBean(AbstractAutowireCapableBeanFactory.java:1574)
	at org.springframework.beans.factory.support.AbstractAutowireCapableBeanFactory.doCreateBean(AbstractAutowireCapableBeanFactory.java:545)
	at org.springframework.beans.factory.support.AbstractAutowireCapableBeanFactory.createBean(AbstractAutowireCapableBeanFactory.java:482)
	at org.springframework.beans.factory.support.AbstractBeanFactory$1.getObject(AbstractBeanFactory.java:306)
	at org.springframework.beans.factory.support.DefaultSingletonBeanRegistry.getSingleton(DefaultSingletonBeanRegistry.java:230)
	at org.springframework.beans.factory.support.AbstractBeanFactory.doGetBean(AbstractBeanFactory.java:302)
	at org.springframework.beans.factory.support.AbstractBeanFactory.getBean(AbstractBeanFactory.java:197)
	at org.springframework.beans.factory.support.BeanDefinitionValueResolver.resolveReference(BeanDefinitionValueResolver.java:351)
	at org.springframework.beans.factory.support.BeanDefinitionValueResolver.resolveValueIfNecessary(BeanDefinitionValueResolver.java:108)
	at org.springframework.beans.factory.support.AbstractAutowireCapableBeanFactory.applyPropertyValues(AbstractAutowireCapableBeanFactory.java:1481)
	at org.springframework.beans.factory.support.AbstractAutowireCapableBeanFactory.populateBean(AbstractAutowireCapableBeanFactory.java:1226)
	at org.springframework.beans.factory.support.AbstractAutowireCapableBeanFactory.doCreateBean(AbstractAutowireCapableBeanFactory.java:543)
	at org.springframework.beans.factory.support.AbstractAutowireCapableBeanFactory.createBean(AbstractAutowireCapableBeanFactory.java:482)
	at org.springframework.beans.factory.support.AbstractBeanFactory$1.getObject(AbstractBeanFactory.java:306)
	at org.springframework.beans.factory.support.DefaultSingletonBeanRegistry.getSingleton(DefaultSingletonBeanRegistry.java:230)
	at org.springframework.beans.factory.support.AbstractBeanFactory.doGetBean(AbstractBeanFactory.java:302)
	at org.springframework.beans.factory.support.AbstractBeanFactory.getBean(AbstractBeanFactory.java:197)
	at org.springframework.beans.factory.support.BeanDefinitionValueResolver.resolveReference(BeanDefinitionValueResolver.java:351)
	at org.springframework.beans.factory.support.BeanDefinitionValueResolver.resolveValueIfNecessary(BeanDefinitionValueResolver.java:108)
	at org.springframework.beans.factory.support.AbstractAutowireCapableBeanFactory.applyPropertyValues(AbstractAutowireCapableBeanFactory.java:1481)
	at org.springframework.beans.factory.support.AbstractAutowireCapableBeanFactory.populateBean(AbstractAutowireCapableBeanFactory.java:1226)
	at org.springframework.beans.factory.support.AbstractAutowireCapableBeanFactory.doCreateBean(AbstractAutowireCapableBeanFactory.java:543)
	at org.springframework.beans.factory.support.AbstractAutowireCapableBeanFactory.createBean(AbstractAutowireCapableBeanFactory.java:482)
	at org.springframework.beans.factory.support.AbstractBeanFactory$1.getObject(AbstractBeanFactory.java:306)
	at org.springframework.beans.factory.support.DefaultSingletonBeanRegistry.getSingleton(DefaultSingletonBeanRegistry.java:230)
	at org.springframework.beans.factory.support.AbstractBeanFactory.doGetBean(AbstractBeanFactory.java:302)
	at org.springframework.beans.factory.support.AbstractBeanFactory.getBean(AbstractBeanFactory.java:202)
	at org.springframework.context.support.PostProcessorRegistrationDelegate.invokeBeanFactoryPostProcessors(PostProcessorRegistrationDelegate.java:120)
	at org.springframework.context.support.AbstractApplicationContext.invokeBeanFactoryPostProcessors(AbstractApplicationContext.java:678)
	at org.springframework.context.support.AbstractApplicationContext.refresh(AbstractApplicationContext.java:520)
	at org.springframework.web.context.ContextLoader.configureAndRefreshWebApplicationContext(ContextLoader.java:444)
	at org.springframework.web.context.ContextLoader.initWebApplicationContext(ContextLoader.java:326)
	at org.springframework.web.context.ContextLoaderListener.contextInitialized(ContextLoaderListener.java:107)
	at org.mortbay.jetty.handler.ContextHandler.startContext(ContextHandler.java:549)
	at org.mortbay.jetty.servlet.Context.startContext(Context.java:136)
	at org.mortbay.jetty.webapp.WebAppContext.startContext(WebAppContext.java:1282)
	at org.mortbay.jetty.handler.ContextHandler.doStart(ContextHandler.java:518)
	at org.mortbay.jetty.webapp.WebAppContext.doStart(WebAppContext.java:499)
	at org.mortbay.component.AbstractLifeCycle.start(AbstractLifeCycle.java:50)
	at org.mortbay.jetty.handler.HandlerWrapper.doStart(HandlerWrapper.java:130)
	at org.mortbay.jetty.Server.doStart(Server.java:224)
	at org.mortbay.component.AbstractLifeCycle.start(AbstractLifeCycle.java:50)
	at runjettyrun.Bootstrap.main(Bootstrap.java:97)
Caused by: java.net.ConnectException: Operation timed out
	at java.net.PlainSocketImpl.socketConnect(Native Method)
	at java.net.AbstractPlainSocketImpl.doConnect(AbstractPlainSocketImpl.java:339)
	at java.net.AbstractPlainSocketImpl.connectToAddress(AbstractPlainSocketImpl.java:200)
	at java.net.AbstractPlainSocketImpl.connect(AbstractPlainSocketImpl.java:182)
	at java.net.SocksSocketImpl.connect(SocksSocketImpl.java:392)
	at java.net.Socket.connect(Socket.java:579)
	at java.net.Socket.connect(Socket.java:528)
	at java.net.Socket.<init>(Socket.java:425)
	at java.net.Socket.<init>(Socket.java:241)
	at com.mysql.jdbc.StandardSocketFactory.connect(StandardSocketFactory.java:257)
	at com.mysql.jdbc.MysqlIO.<init>(MysqlIO.java:300)
	... 64 more
2016-05-01 00:00:57,535 [main] ERROR [org.springframework.web.context.ContextLoader] - Context initialization failed
org.springframework.beans.factory.BeanCreationException: Error creating bean with name 'org.mybatis.spring.mapper.MapperScannerConfigurer#0' defined in URL [file:/Users/hujinhu/Documents/摩课企业号/workspace/moocollege/moocollege-wechat-web/target/classes/spring/applicationContext.xml]: Cannot resolve reference to bean 'sqlSessionFactory' while setting bean property 'sqlSessionFactory'; nested exception is org.springframework.beans.factory.BeanCreationException: Error creating bean with name 'sqlSessionFactory' defined in URL [file:/Users/hujinhu/Documents/摩课企业号/workspace/moocollege/moocollege-wechat-web/target/classes/spring/applicationContext.xml]: Cannot resolve reference to bean 'dataSource' while setting bean property 'dataSource'; nested exception is org.springframework.beans.factory.BeanCreationException: Error creating bean with name 'dataSource' defined in URL [file:/Users/hujinhu/Documents/摩课企业号/workspace/moocollege/moocollege-wechat-web/target/classes/spring/applicationContext.xml]: Invocation of init method failed; nested exception is com.mysql.jdbc.exceptions.jdbc4.CommunicationsException: Communications link failure

The last packet sent successfully to the server was 0 milliseconds ago. The driver has not received any packets from the server.
	at org.springframework.beans.factory.support.BeanDefinitionValueResolver.resolveReference(BeanDefinitionValueResolver.java:359)
	at org.springframework.beans.factory.support.BeanDefinitionValueResolver.resolveValueIfNecessary(BeanDefinitionValueResolver.java:108)
	at org.springframework.beans.factory.support.AbstractAutowireCapableBeanFactory.applyPropertyValues(AbstractAutowireCapableBeanFactory.java:1481)
	at org.springframework.beans.factory.support.AbstractAutowireCapableBeanFactory.populateBean(AbstractAutowireCapableBeanFactory.java:1226)
	at org.springframework.beans.factory.support.AbstractAutowireCapableBeanFactory.doCreateBean(AbstractAutowireCapableBeanFactory.java:543)
	at org.springframework.beans.factory.support.AbstractAutowireCapableBeanFactory.createBean(AbstractAutowireCapableBeanFactory.java:482)
	at org.springframework.beans.factory.support.AbstractBeanFactory$1.getObject(AbstractBeanFactory.java:306)
	at org.springframework.beans.factory.support.DefaultSingletonBeanRegistry.getSingleton(DefaultSingletonBeanRegistry.java:230)
	at org.springframework.beans.factory.support.AbstractBeanFactory.doGetBean(AbstractBeanFactory.java:302)
	at org.springframework.beans.factory.support.AbstractBeanFactory.getBean(AbstractBeanFactory.java:202)
	at org.springframework.context.support.PostProcessorRegistrationDelegate.invokeBeanFactoryPostProcessors(PostProcessorRegistrationDelegate.java:120)
	at org.springframework.context.support.AbstractApplicationContext.invokeBeanFactoryPostProcessors(AbstractApplicationContext.java:678)
	at org.springframework.context.support.AbstractApplicationContext.refresh(AbstractApplicationContext.java:520)
	at org.springframework.web.context.ContextLoader.configureAndRefreshWebApplicationContext(ContextLoader.java:444)
	at org.springframework.web.context.ContextLoader.initWebApplicationContext(ContextLoader.java:326)
	at org.springframework.web.context.ContextLoaderListener.contextInitialized(ContextLoaderListener.java:107)
	at org.mortbay.jetty.handler.ContextHandler.startContext(ContextHandler.java:549)
	at org.mortbay.jetty.servlet.Context.startContext(Context.java:136)
	at org.mortbay.jetty.webapp.WebAppContext.startContext(WebAppContext.java:1282)
	at org.mortbay.jetty.handler.ContextHandler.doStart(ContextHandler.java:518)
	at org.mortbay.jetty.webapp.WebAppContext.doStart(WebAppContext.java:499)
	at org.mortbay.component.AbstractLifeCycle.start(AbstractLifeCycle.java:50)
	at org.mortbay.jetty.handler.HandlerWrapper.doStart(HandlerWrapper.java:130)
	at org.mortbay.jetty.Server.doStart(Server.java:224)
	at org.mortbay.component.AbstractLifeCycle.start(AbstractLifeCycle.java:50)
	at runjettyrun.Bootstrap.main(Bootstrap.java:97)
Caused by: org.springframework.beans.factory.BeanCreationException: Error creating bean with name 'sqlSessionFactory' defined in URL [file:/Users/hujinhu/Documents/摩课企业号/workspace/moocollege/moocollege-wechat-web/target/classes/spring/applicationContext.xml]: Cannot resolve reference to bean 'dataSource' while setting bean property 'dataSource'; nested exception is org.springframework.beans.factory.BeanCreationException: Error creating bean with name 'dataSource' defined in URL [file:/Users/hujinhu/Documents/摩课企业号/workspace/moocollege/moocollege-wechat-web/target/classes/spring/applicationContext.xml]: Invocation of init method failed; nested exception is com.mysql.jdbc.exceptions.jdbc4.CommunicationsException: Communications link failure

The last packet sent successfully to the server was 0 milliseconds ago. The driver has not received any packets from the server.
	at org.springframework.beans.factory.support.BeanDefinitionValueResolver.resolveReference(BeanDefinitionValueResolver.java:359)
	at org.springframework.beans.factory.support.BeanDefinitionValueResolver.resolveValueIfNecessary(BeanDefinitionValueResolver.java:108)
	at org.springframework.beans.factory.support.AbstractAutowireCapableBeanFactory.applyPropertyValues(AbstractAutowireCapableBeanFactory.java:1481)
	at org.springframework.beans.factory.support.AbstractAutowireCapableBeanFactory.populateBean(AbstractAutowireCapableBeanFactory.java:1226)
	at org.springframework.beans.factory.support.AbstractAutowireCapableBeanFactory.doCreateBean(AbstractAutowireCapableBeanFactory.java:543)
	at org.springframework.beans.factory.support.AbstractAutowireCapableBeanFactory.createBean(AbstractAutowireCapableBeanFactory.java:482)
	at org.springframework.beans.factory.support.AbstractBeanFactory$1.getObject(AbstractBeanFactory.java:306)
	at org.springframework.beans.factory.support.DefaultSingletonBeanRegistry.getSingleton(DefaultSingletonBeanRegistry.java:230)
	at org.springframework.beans.factory.support.AbstractBeanFactory.doGetBean(AbstractBeanFactory.java:302)
	at org.springframework.beans.factory.support.AbstractBeanFactory.getBean(AbstractBeanFactory.java:197)
	at org.springframework.beans.factory.support.BeanDefinitionValueResolver.resolveReference(BeanDefinitionValueResolver.java:351)
	... 25 more
Caused by: org.springframework.beans.factory.BeanCreationException: Error creating bean with name 'dataSource' defined in URL [file:/Users/hujinhu/Documents/摩课企业号/workspace/moocollege/moocollege-wechat-web/target/classes/spring/applicationContext.xml]: Invocation of init method failed; nested exception is com.mysql.jdbc.exceptions.jdbc4.CommunicationsException: Communications link failure

The last packet sent successfully to the server was 0 milliseconds ago. The driver has not received any packets from the server.
	at org.springframework.beans.factory.support.AbstractAutowireCapableBeanFactory.initializeBean(AbstractAutowireCapableBeanFactory.java:1578)
	at org.springframework.beans.factory.support.AbstractAutowireCapableBeanFactory.doCreateBean(AbstractAutowireCapableBeanFactory.java:545)
	at org.springframework.beans.factory.support.AbstractAutowireCapableBeanFactory.createBean(AbstractAutowireCapableBeanFactory.java:482)
	at org.springframework.beans.factory.support.AbstractBeanFactory$1.getObject(AbstractBeanFactory.java:306)
	at org.springframework.beans.factory.support.DefaultSingletonBeanRegistry.getSingleton(DefaultSingletonBeanRegistry.java:230)
	at org.springframework.beans.factory.support.AbstractBeanFactory.doGetBean(AbstractBeanFactory.java:302)
	at org.springframework.beans.factory.support.AbstractBeanFactory.getBean(AbstractBeanFactory.java:197)
	at org.springframework.beans.factory.support.BeanDefinitionValueResolver.resolveReference(BeanDefinitionValueResolver.java:351)
	... 35 more
Caused by: com.mysql.jdbc.exceptions.jdbc4.CommunicationsException: Communications link failure

The last packet sent successfully to the server was 0 milliseconds ago. The driver has not received any packets from the server.
	at sun.reflect.NativeConstructorAccessorImpl.newInstance0(Native Method)
	at sun.reflect.NativeConstructorAccessorImpl.newInstance(NativeConstructorAccessorImpl.java:57)
	at sun.reflect.DelegatingConstructorAccessorImpl.newInstance(DelegatingConstructorAccessorImpl.java:45)
	at java.lang.reflect.Constructor.newInstance(Constructor.java:526)
	at com.mysql.jdbc.Util.handleNewInstance(Util.java:411)
	at com.mysql.jdbc.SQLError.createCommunicationsException(SQLError.java:1117)
	at com.mysql.jdbc.MysqlIO.<init>(MysqlIO.java:350)
	at com.mysql.jdbc.ConnectionImpl.coreConnect(ConnectionImpl.java:2393)
	at com.mysql.jdbc.ConnectionImpl.connectOneTryOnly(ConnectionImpl.java:2430)
	at com.mysql.jdbc.ConnectionImpl.createNewIO(ConnectionImpl.java:2215)
	at com.mysql.jdbc.ConnectionImpl.<init>(ConnectionImpl.java:813)
	at com.mysql.jdbc.JDBC4Connection.<init>(JDBC4Connection.java:47)
	at sun.reflect.NativeConstructorAccessorImpl.newInstance0(Native Method)
	at sun.reflect.NativeConstructorAccessorImpl.newInstance(NativeConstructorAccessorImpl.java:57)
	at sun.reflect.DelegatingConstructorAccessorImpl.newInstance(DelegatingConstructorAccessorImpl.java:45)
	at java.lang.reflect.Constructor.newInstance(Constructor.java:526)
	at com.mysql.jdbc.Util.handleNewInstance(Util.java:411)
	at com.mysql.jdbc.ConnectionImpl.getInstance(ConnectionImpl.java:399)
	at com.mysql.jdbc.NonRegisteringDriver.connect(NonRegisteringDriver.java:334)
	at com.alibaba.druid.pool.DruidAbstractDataSource.createPhysicalConnection(DruidAbstractDataSource.java:1353)
	at com.alibaba.druid.pool.DruidAbstractDataSource.createPhysicalConnection(DruidAbstractDataSource.java:1409)
	at com.alibaba.druid.pool.DruidDataSource.init(DruidDataSource.java:602)
	at sun.reflect.NativeMethodAccessorImpl.invoke0(Native Method)
	at sun.reflect.NativeMethodAccessorImpl.invoke(NativeMethodAccessorImpl.java:57)
	at sun.reflect.DelegatingMethodAccessorImpl.invoke(DelegatingMethodAccessorImpl.java:43)
	at java.lang.reflect.Method.invoke(Method.java:606)
	at org.springframework.beans.factory.support.AbstractAutowireCapableBeanFactory.invokeCustomInitMethod(AbstractAutowireCapableBeanFactory.java:1706)
	at org.springframework.beans.factory.support.AbstractAutowireCapableBeanFactory.invokeInitMethods(AbstractAutowireCapableBeanFactory.java:1645)
	at org.springframework.beans.factory.support.AbstractAutowireCapableBeanFactory.initializeBean(AbstractAutowireCapableBeanFactory.java:1574)
	... 42 more
Caused by: java.net.ConnectException: Operation timed out
	at java.net.PlainSocketImpl.socketConnect(Native Method)
	at java.net.AbstractPlainSocketImpl.doConnect(AbstractPlainSocketImpl.java:339)
	at java.net.AbstractPlainSocketImpl.connectToAddress(AbstractPlainSocketImpl.java:200)
	at java.net.AbstractPlainSocketImpl.connect(AbstractPlainSocketImpl.java:182)
	at java.net.SocksSocketImpl.connect(SocksSocketImpl.java:392)
	at java.net.Socket.connect(Socket.java:579)
	at java.net.Socket.connect(Socket.java:528)
	at java.net.Socket.<init>(Socket.java:425)
	at java.net.Socket.<init>(Socket.java:241)
	at com.mysql.jdbc.StandardSocketFactory.connect(StandardSocketFactory.java:257)
	at com.mysql.jdbc.MysqlIO.<init>(MysqlIO.java:300)
	... 64 more
2016-05-01 00:02:24,680 [main] ERROR [com.alibaba.druid.pool.DruidDataSource] - init datasource error
com.mysql.jdbc.exceptions.jdbc4.CommunicationsException: Communications link failure

The last packet sent successfully to the server was 0 milliseconds ago. The driver has not received any packets from the server.
	at sun.reflect.NativeConstructorAccessorImpl.newInstance0(Native Method)
	at sun.reflect.NativeConstructorAccessorImpl.newInstance(NativeConstructorAccessorImpl.java:57)
	at sun.reflect.DelegatingConstructorAccessorImpl.newInstance(DelegatingConstructorAccessorImpl.java:45)
	at java.lang.reflect.Constructor.newInstance(Constructor.java:526)
	at com.mysql.jdbc.Util.handleNewInstance(Util.java:411)
	at com.mysql.jdbc.SQLError.createCommunicationsException(SQLError.java:1117)
	at com.mysql.jdbc.MysqlIO.<init>(MysqlIO.java:350)
	at com.mysql.jdbc.ConnectionImpl.coreConnect(ConnectionImpl.java:2393)
	at com.mysql.jdbc.ConnectionImpl.connectOneTryOnly(ConnectionImpl.java:2430)
	at com.mysql.jdbc.ConnectionImpl.createNewIO(ConnectionImpl.java:2215)
	at com.mysql.jdbc.ConnectionImpl.<init>(ConnectionImpl.java:813)
	at com.mysql.jdbc.JDBC4Connection.<init>(JDBC4Connection.java:47)
	at sun.reflect.NativeConstructorAccessorImpl.newInstance0(Native Method)
	at sun.reflect.NativeConstructorAccessorImpl.newInstance(NativeConstructorAccessorImpl.java:57)
	at sun.reflect.DelegatingConstructorAccessorImpl.newInstance(DelegatingConstructorAccessorImpl.java:45)
	at java.lang.reflect.Constructor.newInstance(Constructor.java:526)
	at com.mysql.jdbc.Util.handleNewInstance(Util.java:411)
	at com.mysql.jdbc.ConnectionImpl.getInstance(ConnectionImpl.java:399)
	at com.mysql.jdbc.NonRegisteringDriver.connect(NonRegisteringDriver.java:334)
	at com.alibaba.druid.pool.DruidAbstractDataSource.createPhysicalConnection(DruidAbstractDataSource.java:1353)
	at com.alibaba.druid.pool.DruidAbstractDataSource.createPhysicalConnection(DruidAbstractDataSource.java:1409)
	at com.alibaba.druid.pool.DruidDataSource.init(DruidDataSource.java:602)
	at sun.reflect.NativeMethodAccessorImpl.invoke0(Native Method)
	at sun.reflect.NativeMethodAccessorImpl.invoke(NativeMethodAccessorImpl.java:57)
	at sun.reflect.DelegatingMethodAccessorImpl.invoke(DelegatingMethodAccessorImpl.java:43)
	at java.lang.reflect.Method.invoke(Method.java:606)
	at org.springframework.beans.factory.support.AbstractAutowireCapableBeanFactory.invokeCustomInitMethod(AbstractAutowireCapableBeanFactory.java:1706)
	at org.springframework.beans.factory.support.AbstractAutowireCapableBeanFactory.invokeInitMethods(AbstractAutowireCapableBeanFactory.java:1645)
	at org.springframework.beans.factory.support.AbstractAutowireCapableBeanFactory.initializeBean(AbstractAutowireCapableBeanFactory.java:1574)
	at org.springframework.beans.factory.support.AbstractAutowireCapableBeanFactory.doCreateBean(AbstractAutowireCapableBeanFactory.java:545)
	at org.springframework.beans.factory.support.AbstractAutowireCapableBeanFactory.createBean(AbstractAutowireCapableBeanFactory.java:482)
	at org.springframework.beans.factory.support.AbstractBeanFactory$1.getObject(AbstractBeanFactory.java:306)
	at org.springframework.beans.factory.support.DefaultSingletonBeanRegistry.getSingleton(DefaultSingletonBeanRegistry.java:230)
	at org.springframework.beans.factory.support.AbstractBeanFactory.doGetBean(AbstractBeanFactory.java:302)
	at org.springframework.beans.factory.support.AbstractBeanFactory.getBean(AbstractBeanFactory.java:197)
	at org.springframework.beans.factory.support.BeanDefinitionValueResolver.resolveReference(BeanDefinitionValueResolver.java:351)
	at org.springframework.beans.factory.support.BeanDefinitionValueResolver.resolveValueIfNecessary(BeanDefinitionValueResolver.java:108)
	at org.springframework.beans.factory.support.AbstractAutowireCapableBeanFactory.applyPropertyValues(AbstractAutowireCapableBeanFactory.java:1481)
	at org.springframework.beans.factory.support.AbstractAutowireCapableBeanFactory.populateBean(AbstractAutowireCapableBeanFactory.java:1226)
	at org.springframework.beans.factory.support.AbstractAutowireCapableBeanFactory.doCreateBean(AbstractAutowireCapableBeanFactory.java:543)
	at org.springframework.beans.factory.support.AbstractAutowireCapableBeanFactory.createBean(AbstractAutowireCapableBeanFactory.java:482)
	at org.springframework.beans.factory.support.AbstractBeanFactory$1.getObject(AbstractBeanFactory.java:306)
	at org.springframework.beans.factory.support.DefaultSingletonBeanRegistry.getSingleton(DefaultSingletonBeanRegistry.java:230)
	at org.springframework.beans.factory.support.AbstractBeanFactory.doGetBean(AbstractBeanFactory.java:302)
	at org.springframework.beans.factory.support.AbstractBeanFactory.getBean(AbstractBeanFactory.java:197)
	at org.springframework.beans.factory.support.BeanDefinitionValueResolver.resolveReference(BeanDefinitionValueResolver.java:351)
	at org.springframework.beans.factory.support.BeanDefinitionValueResolver.resolveValueIfNecessary(BeanDefinitionValueResolver.java:108)
	at org.springframework.beans.factory.support.AbstractAutowireCapableBeanFactory.applyPropertyValues(AbstractAutowireCapableBeanFactory.java:1481)
	at org.springframework.beans.factory.support.AbstractAutowireCapableBeanFactory.populateBean(AbstractAutowireCapableBeanFactory.java:1226)
	at org.springframework.beans.factory.support.AbstractAutowireCapableBeanFactory.doCreateBean(AbstractAutowireCapableBeanFactory.java:543)
	at org.springframework.beans.factory.support.AbstractAutowireCapableBeanFactory.createBean(AbstractAutowireCapableBeanFactory.java:482)
	at org.springframework.beans.factory.support.AbstractBeanFactory$1.getObject(AbstractBeanFactory.java:306)
	at org.springframework.beans.factory.support.DefaultSingletonBeanRegistry.getSingleton(DefaultSingletonBeanRegistry.java:230)
	at org.springframework.beans.factory.support.AbstractBeanFactory.doGetBean(AbstractBeanFactory.java:302)
	at org.springframework.beans.factory.support.AbstractBeanFactory.getBean(AbstractBeanFactory.java:202)
	at org.springframework.context.support.PostProcessorRegistrationDelegate.invokeBeanFactoryPostProcessors(PostProcessorRegistrationDelegate.java:120)
	at org.springframework.context.support.AbstractApplicationContext.invokeBeanFactoryPostProcessors(AbstractApplicationContext.java:678)
	at org.springframework.context.support.AbstractApplicationContext.refresh(AbstractApplicationContext.java:520)
	at org.springframework.web.context.ContextLoader.configureAndRefreshWebApplicationContext(ContextLoader.java:444)
	at org.springframework.web.context.ContextLoader.initWebApplicationContext(ContextLoader.java:326)
	at org.springframework.web.context.ContextLoaderListener.contextInitialized(ContextLoaderListener.java:107)
	at org.mortbay.jetty.handler.ContextHandler.startContext(ContextHandler.java:549)
	at org.mortbay.jetty.servlet.Context.startContext(Context.java:136)
	at org.mortbay.jetty.webapp.WebAppContext.startContext(WebAppContext.java:1282)
	at org.mortbay.jetty.handler.ContextHandler.doStart(ContextHandler.java:518)
	at org.mortbay.jetty.webapp.WebAppContext.doStart(WebAppContext.java:499)
	at org.mortbay.component.AbstractLifeCycle.start(AbstractLifeCycle.java:50)
	at org.mortbay.jetty.handler.HandlerWrapper.doStart(HandlerWrapper.java:130)
	at org.mortbay.jetty.Server.doStart(Server.java:224)
	at org.mortbay.component.AbstractLifeCycle.start(AbstractLifeCycle.java:50)
	at runjettyrun.Bootstrap.main(Bootstrap.java:97)
Caused by: java.net.NoRouteToHostException: No route to host
	at java.net.PlainSocketImpl.socketConnect(Native Method)
	at java.net.AbstractPlainSocketImpl.doConnect(AbstractPlainSocketImpl.java:339)
	at java.net.AbstractPlainSocketImpl.connectToAddress(AbstractPlainSocketImpl.java:200)
	at java.net.AbstractPlainSocketImpl.connect(AbstractPlainSocketImpl.java:182)
	at java.net.SocksSocketImpl.connect(SocksSocketImpl.java:392)
	at java.net.Socket.connect(Socket.java:579)
	at java.net.Socket.connect(Socket.java:528)
	at java.net.Socket.<init>(Socket.java:425)
	at java.net.Socket.<init>(Socket.java:241)
	at com.mysql.jdbc.StandardSocketFactory.connect(StandardSocketFactory.java:257)
	at com.mysql.jdbc.MysqlIO.<init>(MysqlIO.java:300)
	... 64 more
2016-05-01 00:02:24,694 [main] ERROR [com.alibaba.druid.pool.DruidDataSource] - dataSource init error
com.mysql.jdbc.exceptions.jdbc4.CommunicationsException: Communications link failure

The last packet sent successfully to the server was 0 milliseconds ago. The driver has not received any packets from the server.
	at sun.reflect.NativeConstructorAccessorImpl.newInstance0(Native Method)
	at sun.reflect.NativeConstructorAccessorImpl.newInstance(NativeConstructorAccessorImpl.java:57)
	at sun.reflect.DelegatingConstructorAccessorImpl.newInstance(DelegatingConstructorAccessorImpl.java:45)
	at java.lang.reflect.Constructor.newInstance(Constructor.java:526)
	at com.mysql.jdbc.Util.handleNewInstance(Util.java:411)
	at com.mysql.jdbc.SQLError.createCommunicationsException(SQLError.java:1117)
	at com.mysql.jdbc.MysqlIO.<init>(MysqlIO.java:350)
	at com.mysql.jdbc.ConnectionImpl.coreConnect(ConnectionImpl.java:2393)
	at com.mysql.jdbc.ConnectionImpl.connectOneTryOnly(ConnectionImpl.java:2430)
	at com.mysql.jdbc.ConnectionImpl.createNewIO(ConnectionImpl.java:2215)
	at com.mysql.jdbc.ConnectionImpl.<init>(ConnectionImpl.java:813)
	at com.mysql.jdbc.JDBC4Connection.<init>(JDBC4Connection.java:47)
	at sun.reflect.NativeConstructorAccessorImpl.newInstance0(Native Method)
	at sun.reflect.NativeConstructorAccessorImpl.newInstance(NativeConstructorAccessorImpl.java:57)
	at sun.reflect.DelegatingConstructorAccessorImpl.newInstance(DelegatingConstructorAccessorImpl.java:45)
	at java.lang.reflect.Constructor.newInstance(Constructor.java:526)
	at com.mysql.jdbc.Util.handleNewInstance(Util.java:411)
	at com.mysql.jdbc.ConnectionImpl.getInstance(ConnectionImpl.java:399)
	at com.mysql.jdbc.NonRegisteringDriver.connect(NonRegisteringDriver.java:334)
	at com.alibaba.druid.pool.DruidAbstractDataSource.createPhysicalConnection(DruidAbstractDataSource.java:1353)
	at com.alibaba.druid.pool.DruidAbstractDataSource.createPhysicalConnection(DruidAbstractDataSource.java:1409)
	at com.alibaba.druid.pool.DruidDataSource.init(DruidDataSource.java:602)
	at sun.reflect.NativeMethodAccessorImpl.invoke0(Native Method)
	at sun.reflect.NativeMethodAccessorImpl.invoke(NativeMethodAccessorImpl.java:57)
	at sun.reflect.DelegatingMethodAccessorImpl.invoke(DelegatingMethodAccessorImpl.java:43)
	at java.lang.reflect.Method.invoke(Method.java:606)
	at org.springframework.beans.factory.support.AbstractAutowireCapableBeanFactory.invokeCustomInitMethod(AbstractAutowireCapableBeanFactory.java:1706)
	at org.springframework.beans.factory.support.AbstractAutowireCapableBeanFactory.invokeInitMethods(AbstractAutowireCapableBeanFactory.java:1645)
	at org.springframework.beans.factory.support.AbstractAutowireCapableBeanFactory.initializeBean(AbstractAutowireCapableBeanFactory.java:1574)
	at org.springframework.beans.factory.support.AbstractAutowireCapableBeanFactory.doCreateBean(AbstractAutowireCapableBeanFactory.java:545)
	at org.springframework.beans.factory.support.AbstractAutowireCapableBeanFactory.createBean(AbstractAutowireCapableBeanFactory.java:482)
	at org.springframework.beans.factory.support.AbstractBeanFactory$1.getObject(AbstractBeanFactory.java:306)
	at org.springframework.beans.factory.support.DefaultSingletonBeanRegistry.getSingleton(DefaultSingletonBeanRegistry.java:230)
	at org.springframework.beans.factory.support.AbstractBeanFactory.doGetBean(AbstractBeanFactory.java:302)
	at org.springframework.beans.factory.support.AbstractBeanFactory.getBean(AbstractBeanFactory.java:197)
	at org.springframework.beans.factory.support.BeanDefinitionValueResolver.resolveReference(BeanDefinitionValueResolver.java:351)
	at org.springframework.beans.factory.support.BeanDefinitionValueResolver.resolveValueIfNecessary(BeanDefinitionValueResolver.java:108)
	at org.springframework.beans.factory.support.AbstractAutowireCapableBeanFactory.applyPropertyValues(AbstractAutowireCapableBeanFactory.java:1481)
	at org.springframework.beans.factory.support.AbstractAutowireCapableBeanFactory.populateBean(AbstractAutowireCapableBeanFactory.java:1226)
	at org.springframework.beans.factory.support.AbstractAutowireCapableBeanFactory.doCreateBean(AbstractAutowireCapableBeanFactory.java:543)
	at org.springframework.beans.factory.support.AbstractAutowireCapableBeanFactory.createBean(AbstractAutowireCapableBeanFactory.java:482)
	at org.springframework.beans.factory.support.AbstractBeanFactory$1.getObject(AbstractBeanFactory.java:306)
	at org.springframework.beans.factory.support.DefaultSingletonBeanRegistry.getSingleton(DefaultSingletonBeanRegistry.java:230)
	at org.springframework.beans.factory.support.AbstractBeanFactory.doGetBean(AbstractBeanFactory.java:302)
	at org.springframework.beans.factory.support.AbstractBeanFactory.getBean(AbstractBeanFactory.java:197)
	at org.springframework.beans.factory.support.BeanDefinitionValueResolver.resolveReference(BeanDefinitionValueResolver.java:351)
	at org.springframework.beans.factory.support.BeanDefinitionValueResolver.resolveValueIfNecessary(BeanDefinitionValueResolver.java:108)
	at org.springframework.beans.factory.support.AbstractAutowireCapableBeanFactory.applyPropertyValues(AbstractAutowireCapableBeanFactory.java:1481)
	at org.springframework.beans.factory.support.AbstractAutowireCapableBeanFactory.populateBean(AbstractAutowireCapableBeanFactory.java:1226)
	at org.springframework.beans.factory.support.AbstractAutowireCapableBeanFactory.doCreateBean(AbstractAutowireCapableBeanFactory.java:543)
	at org.springframework.beans.factory.support.AbstractAutowireCapableBeanFactory.createBean(AbstractAutowireCapableBeanFactory.java:482)
	at org.springframework.beans.factory.support.AbstractBeanFactory$1.getObject(AbstractBeanFactory.java:306)
	at org.springframework.beans.factory.support.DefaultSingletonBeanRegistry.getSingleton(DefaultSingletonBeanRegistry.java:230)
	at org.springframework.beans.factory.support.AbstractBeanFactory.doGetBean(AbstractBeanFactory.java:302)
	at org.springframework.beans.factory.support.AbstractBeanFactory.getBean(AbstractBeanFactory.java:202)
	at org.springframework.context.support.PostProcessorRegistrationDelegate.invokeBeanFactoryPostProcessors(PostProcessorRegistrationDelegate.java:120)
	at org.springframework.context.support.AbstractApplicationContext.invokeBeanFactoryPostProcessors(AbstractApplicationContext.java:678)
	at org.springframework.context.support.AbstractApplicationContext.refresh(AbstractApplicationContext.java:520)
	at org.springframework.web.context.ContextLoader.configureAndRefreshWebApplicationContext(ContextLoader.java:444)
	at org.springframework.web.context.ContextLoader.initWebApplicationContext(ContextLoader.java:326)
	at org.springframework.web.context.ContextLoaderListener.contextInitialized(ContextLoaderListener.java:107)
	at org.mortbay.jetty.handler.ContextHandler.startContext(ContextHandler.java:549)
	at org.mortbay.jetty.servlet.Context.startContext(Context.java:136)
	at org.mortbay.jetty.webapp.WebAppContext.startContext(WebAppContext.java:1282)
	at org.mortbay.jetty.handler.ContextHandler.doStart(ContextHandler.java:518)
	at org.mortbay.jetty.webapp.WebAppContext.doStart(WebAppContext.java:499)
	at org.mortbay.component.AbstractLifeCycle.start(AbstractLifeCycle.java:50)
	at org.mortbay.jetty.handler.HandlerWrapper.doStart(HandlerWrapper.java:130)
	at org.mortbay.jetty.Server.doStart(Server.java:224)
	at org.mortbay.component.AbstractLifeCycle.start(AbstractLifeCycle.java:50)
	at runjettyrun.Bootstrap.main(Bootstrap.java:97)
Caused by: java.net.NoRouteToHostException: No route to host
	at java.net.PlainSocketImpl.socketConnect(Native Method)
	at java.net.AbstractPlainSocketImpl.doConnect(AbstractPlainSocketImpl.java:339)
	at java.net.AbstractPlainSocketImpl.connectToAddress(AbstractPlainSocketImpl.java:200)
	at java.net.AbstractPlainSocketImpl.connect(AbstractPlainSocketImpl.java:182)
	at java.net.SocksSocketImpl.connect(SocksSocketImpl.java:392)
	at java.net.Socket.connect(Socket.java:579)
	at java.net.Socket.connect(Socket.java:528)
	at java.net.Socket.<init>(Socket.java:425)
	at java.net.Socket.<init>(Socket.java:241)
	at com.mysql.jdbc.StandardSocketFactory.connect(StandardSocketFactory.java:257)
	at com.mysql.jdbc.MysqlIO.<init>(MysqlIO.java:300)
	... 64 more
2016-05-01 00:02:24,700 [main] ERROR [org.springframework.web.context.ContextLoader] - Context initialization failed
org.springframework.beans.factory.BeanCreationException: Error creating bean with name 'org.mybatis.spring.mapper.MapperScannerConfigurer#0' defined in URL [file:/Users/hujinhu/Documents/摩课企业号/workspace/moocollege/moocollege-wechat-web/target/classes/spring/applicationContext.xml]: Cannot resolve reference to bean 'sqlSessionFactory' while setting bean property 'sqlSessionFactory'; nested exception is org.springframework.beans.factory.BeanCreationException: Error creating bean with name 'sqlSessionFactory' defined in URL [file:/Users/hujinhu/Documents/摩课企业号/workspace/moocollege/moocollege-wechat-web/target/classes/spring/applicationContext.xml]: Cannot resolve reference to bean 'dataSource' while setting bean property 'dataSource'; nested exception is org.springframework.beans.factory.BeanCreationException: Error creating bean with name 'dataSource' defined in URL [file:/Users/hujinhu/Documents/摩课企业号/workspace/moocollege/moocollege-wechat-web/target/classes/spring/applicationContext.xml]: Invocation of init method failed; nested exception is com.mysql.jdbc.exceptions.jdbc4.CommunicationsException: Communications link failure

The last packet sent successfully to the server was 0 milliseconds ago. The driver has not received any packets from the server.
	at org.springframework.beans.factory.support.BeanDefinitionValueResolver.resolveReference(BeanDefinitionValueResolver.java:359)
	at org.springframework.beans.factory.support.BeanDefinitionValueResolver.resolveValueIfNecessary(BeanDefinitionValueResolver.java:108)
	at org.springframework.beans.factory.support.AbstractAutowireCapableBeanFactory.applyPropertyValues(AbstractAutowireCapableBeanFactory.java:1481)
	at org.springframework.beans.factory.support.AbstractAutowireCapableBeanFactory.populateBean(AbstractAutowireCapableBeanFactory.java:1226)
	at org.springframework.beans.factory.support.AbstractAutowireCapableBeanFactory.doCreateBean(AbstractAutowireCapableBeanFactory.java:543)
	at org.springframework.beans.factory.support.AbstractAutowireCapableBeanFactory.createBean(AbstractAutowireCapableBeanFactory.java:482)
	at org.springframework.beans.factory.support.AbstractBeanFactory$1.getObject(AbstractBeanFactory.java:306)
	at org.springframework.beans.factory.support.DefaultSingletonBeanRegistry.getSingleton(DefaultSingletonBeanRegistry.java:230)
	at org.springframework.beans.factory.support.AbstractBeanFactory.doGetBean(AbstractBeanFactory.java:302)
	at org.springframework.beans.factory.support.AbstractBeanFactory.getBean(AbstractBeanFactory.java:202)
	at org.springframework.context.support.PostProcessorRegistrationDelegate.invokeBeanFactoryPostProcessors(PostProcessorRegistrationDelegate.java:120)
	at org.springframework.context.support.AbstractApplicationContext.invokeBeanFactoryPostProcessors(AbstractApplicationContext.java:678)
	at org.springframework.context.support.AbstractApplicationContext.refresh(AbstractApplicationContext.java:520)
	at org.springframework.web.context.ContextLoader.configureAndRefreshWebApplicationContext(ContextLoader.java:444)
	at org.springframework.web.context.ContextLoader.initWebApplicationContext(ContextLoader.java:326)
	at org.springframework.web.context.ContextLoaderListener.contextInitialized(ContextLoaderListener.java:107)
	at org.mortbay.jetty.handler.ContextHandler.startContext(ContextHandler.java:549)
	at org.mortbay.jetty.servlet.Context.startContext(Context.java:136)
	at org.mortbay.jetty.webapp.WebAppContext.startContext(WebAppContext.java:1282)
	at org.mortbay.jetty.handler.ContextHandler.doStart(ContextHandler.java:518)
	at org.mortbay.jetty.webapp.WebAppContext.doStart(WebAppContext.java:499)
	at org.mortbay.component.AbstractLifeCycle.start(AbstractLifeCycle.java:50)
	at org.mortbay.jetty.handler.HandlerWrapper.doStart(HandlerWrapper.java:130)
	at org.mortbay.jetty.Server.doStart(Server.java:224)
	at org.mortbay.component.AbstractLifeCycle.start(AbstractLifeCycle.java:50)
	at runjettyrun.Bootstrap.main(Bootstrap.java:97)
Caused by: org.springframework.beans.factory.BeanCreationException: Error creating bean with name 'sqlSessionFactory' defined in URL [file:/Users/hujinhu/Documents/摩课企业号/workspace/moocollege/moocollege-wechat-web/target/classes/spring/applicationContext.xml]: Cannot resolve reference to bean 'dataSource' while setting bean property 'dataSource'; nested exception is org.springframework.beans.factory.BeanCreationException: Error creating bean with name 'dataSource' defined in URL [file:/Users/hujinhu/Documents/摩课企业号/workspace/moocollege/moocollege-wechat-web/target/classes/spring/applicationContext.xml]: Invocation of init method failed; nested exception is com.mysql.jdbc.exceptions.jdbc4.CommunicationsException: Communications link failure

The last packet sent successfully to the server was 0 milliseconds ago. The driver has not received any packets from the server.
	at org.springframework.beans.factory.support.BeanDefinitionValueResolver.resolveReference(BeanDefinitionValueResolver.java:359)
	at org.springframework.beans.factory.support.BeanDefinitionValueResolver.resolveValueIfNecessary(BeanDefinitionValueResolver.java:108)
	at org.springframework.beans.factory.support.AbstractAutowireCapableBeanFactory.applyPropertyValues(AbstractAutowireCapableBeanFactory.java:1481)
	at org.springframework.beans.factory.support.AbstractAutowireCapableBeanFactory.populateBean(AbstractAutowireCapableBeanFactory.java:1226)
	at org.springframework.beans.factory.support.AbstractAutowireCapableBeanFactory.doCreateBean(AbstractAutowireCapableBeanFactory.java:543)
	at org.springframework.beans.factory.support.AbstractAutowireCapableBeanFactory.createBean(AbstractAutowireCapableBeanFactory.java:482)
	at org.springframework.beans.factory.support.AbstractBeanFactory$1.getObject(AbstractBeanFactory.java:306)
	at org.springframework.beans.factory.support.DefaultSingletonBeanRegistry.getSingleton(DefaultSingletonBeanRegistry.java:230)
	at org.springframework.beans.factory.support.AbstractBeanFactory.doGetBean(AbstractBeanFactory.java:302)
	at org.springframework.beans.factory.support.AbstractBeanFactory.getBean(AbstractBeanFactory.java:197)
	at org.springframework.beans.factory.support.BeanDefinitionValueResolver.resolveReference(BeanDefinitionValueResolver.java:351)
	... 25 more
Caused by: org.springframework.beans.factory.BeanCreationException: Error creating bean with name 'dataSource' defined in URL [file:/Users/hujinhu/Documents/摩课企业号/workspace/moocollege/moocollege-wechat-web/target/classes/spring/applicationContext.xml]: Invocation of init method failed; nested exception is com.mysql.jdbc.exceptions.jdbc4.CommunicationsException: Communications link failure

The last packet sent successfully to the server was 0 milliseconds ago. The driver has not received any packets from the server.
	at org.springframework.beans.factory.support.AbstractAutowireCapableBeanFactory.initializeBean(AbstractAutowireCapableBeanFactory.java:1578)
	at org.springframework.beans.factory.support.AbstractAutowireCapableBeanFactory.doCreateBean(AbstractAutowireCapableBeanFactory.java:545)
	at org.springframework.beans.factory.support.AbstractAutowireCapableBeanFactory.createBean(AbstractAutowireCapableBeanFactory.java:482)
	at org.springframework.beans.factory.support.AbstractBeanFactory$1.getObject(AbstractBeanFactory.java:306)
	at org.springframework.beans.factory.support.DefaultSingletonBeanRegistry.getSingleton(DefaultSingletonBeanRegistry.java:230)
	at org.springframework.beans.factory.support.AbstractBeanFactory.doGetBean(AbstractBeanFactory.java:302)
	at org.springframework.beans.factory.support.AbstractBeanFactory.getBean(AbstractBeanFactory.java:197)
	at org.springframework.beans.factory.support.BeanDefinitionValueResolver.resolveReference(BeanDefinitionValueResolver.java:351)
	... 35 more
Caused by: com.mysql.jdbc.exceptions.jdbc4.CommunicationsException: Communications link failure

The last packet sent successfully to the server was 0 milliseconds ago. The driver has not received any packets from the server.
	at sun.reflect.NativeConstructorAccessorImpl.newInstance0(Native Method)
	at sun.reflect.NativeConstructorAccessorImpl.newInstance(NativeConstructorAccessorImpl.java:57)
	at sun.reflect.DelegatingConstructorAccessorImpl.newInstance(DelegatingConstructorAccessorImpl.java:45)
	at java.lang.reflect.Constructor.newInstance(Constructor.java:526)
	at com.mysql.jdbc.Util.handleNewInstance(Util.java:411)
	at com.mysql.jdbc.SQLError.createCommunicationsException(SQLError.java:1117)
	at com.mysql.jdbc.MysqlIO.<init>(MysqlIO.java:350)
	at com.mysql.jdbc.ConnectionImpl.coreConnect(ConnectionImpl.java:2393)
	at com.mysql.jdbc.ConnectionImpl.connectOneTryOnly(ConnectionImpl.java:2430)
	at com.mysql.jdbc.ConnectionImpl.createNewIO(ConnectionImpl.java:2215)
	at com.mysql.jdbc.ConnectionImpl.<init>(ConnectionImpl.java:813)
	at com.mysql.jdbc.JDBC4Connection.<init>(JDBC4Connection.java:47)
	at sun.reflect.NativeConstructorAccessorImpl.newInstance0(Native Method)
	at sun.reflect.NativeConstructorAccessorImpl.newInstance(NativeConstructorAccessorImpl.java:57)
	at sun.reflect.DelegatingConstructorAccessorImpl.newInstance(DelegatingConstructorAccessorImpl.java:45)
	at java.lang.reflect.Constructor.newInstance(Constructor.java:526)
	at com.mysql.jdbc.Util.handleNewInstance(Util.java:411)
	at com.mysql.jdbc.ConnectionImpl.getInstance(ConnectionImpl.java:399)
	at com.mysql.jdbc.NonRegisteringDriver.connect(NonRegisteringDriver.java:334)
	at com.alibaba.druid.pool.DruidAbstractDataSource.createPhysicalConnection(DruidAbstractDataSource.java:1353)
	at com.alibaba.druid.pool.DruidAbstractDataSource.createPhysicalConnection(DruidAbstractDataSource.java:1409)
	at com.alibaba.druid.pool.DruidDataSource.init(DruidDataSource.java:602)
	at sun.reflect.NativeMethodAccessorImpl.invoke0(Native Method)
	at sun.reflect.NativeMethodAccessorImpl.invoke(NativeMethodAccessorImpl.java:57)
	at sun.reflect.DelegatingMethodAccessorImpl.invoke(DelegatingMethodAccessorImpl.java:43)
	at java.lang.reflect.Method.invoke(Method.java:606)
	at org.springframework.beans.factory.support.AbstractAutowireCapableBeanFactory.invokeCustomInitMethod(AbstractAutowireCapableBeanFactory.java:1706)
	at org.springframework.beans.factory.support.AbstractAutowireCapableBeanFactory.invokeInitMethods(AbstractAutowireCapableBeanFactory.java:1645)
	at org.springframework.beans.factory.support.AbstractAutowireCapableBeanFactory.initializeBean(AbstractAutowireCapableBeanFactory.java:1574)
	... 42 more
Caused by: java.net.NoRouteToHostException: No route to host
	at java.net.PlainSocketImpl.socketConnect(Native Method)
	at java.net.AbstractPlainSocketImpl.doConnect(AbstractPlainSocketImpl.java:339)
	at java.net.AbstractPlainSocketImpl.connectToAddress(AbstractPlainSocketImpl.java:200)
	at java.net.AbstractPlainSocketImpl.connect(AbstractPlainSocketImpl.java:182)
	at java.net.SocksSocketImpl.connect(SocksSocketImpl.java:392)
	at java.net.Socket.connect(Socket.java:579)
	at java.net.Socket.connect(Socket.java:528)
	at java.net.Socket.<init>(Socket.java:425)
	at java.net.Socket.<init>(Socket.java:241)
	at com.mysql.jdbc.StandardSocketFactory.connect(StandardSocketFactory.java:257)
	at com.mysql.jdbc.MysqlIO.<init>(MysqlIO.java:300)
	... 64 more
2016-05-01 00:03:16,939 [1278906019@qtp-2107194365-0] ERROR [com.moocollege.controller.wy.QYEntranceController] - 手动安装应用,回调信息 应用ID:1
2016-05-01 00:03:17,124 [1278906019@qtp-2107194365-0] INFO  [team.ascent.util.weixin.QyTokenUtil] - 还没有token或已过期,重新获取
2016-05-01 00:03:18,039 [1278906019@qtp-2107194365-0] ERROR [com.moocollege.controller.wy.QYEntranceController] - 微信校验回调地址.
2016-05-01 00:17:33,896 [1278906019@qtp-2107194365-0] ERROR [com.moocollege.controller.wy.QYEntranceController] - 手动安装应用,回调信息 应用ID:1
2016-05-01 00:17:34,022 [1278906019@qtp-2107194365-0] INFO  [team.ascent.util.weixin.QyTokenUtil] - 还没有token或已过期,重新获取
2016-05-01 00:17:34,556 [1278906019@qtp-2107194365-0] ERROR [com.moocollege.controller.wy.QYEntranceController] - 微信校验回调地址.
2016-05-01 00:17:46,637 [1278906019@qtp-2107194365-0] ERROR [com.moocollege.controller.wy.QYEntranceController] - team.ascent.util.security.AesException: 签名验证错误
2016-05-01 00:17:46,649 [1278906019@qtp-2107194365-0] ERROR [com.moocollege.controller.wy.QYEntranceController] - 校验结束
2016-05-01 00:18:52,870 [1278906019@qtp-2107194365-0] ERROR [com.moocollege.controller.wy.QYEntranceController] - 手动安装应用,回调信息 应用ID:1
2016-05-01 00:18:52,898 [1278906019@qtp-2107194365-0] INFO  [team.ascent.util.weixin.QyTokenUtil] - Token还未过期,直接返回
2016-05-01 00:18:52,898 [1278906019@qtp-2107194365-0] ERROR [com.moocollege.controller.wy.QYEntranceController] - 微信校验回调地址.
2016-05-01 00:18:52,898 [1278906019@qtp-2107194365-0] ERROR [com.moocollege.controller.wy.QYEntranceController] - team.ascent.util.security.AesException: 签名验证错误
2016-05-01 00:18:52,899 [1278906019@qtp-2107194365-0] ERROR [com.moocollege.controller.wy.QYEntranceController] - 校验结束
2016-05-01 00:18:53,119 [1278906019@qtp-2107194365-0] ERROR [com.moocollege.controller.wy.QYEntranceController] - 手动安装应用,回调信息 应用ID:1
2016-05-01 00:18:53,130 [1278906019@qtp-2107194365-0] INFO  [team.ascent.util.weixin.QyTokenUtil] - Token还未过期,直接返回
2016-05-01 00:18:53,130 [1278906019@qtp-2107194365-0] ERROR [com.moocollege.controller.wy.QYEntranceController] - 微信校验回调地址.
2016-05-01 00:18:53,130 [1278906019@qtp-2107194365-0] ERROR [com.moocollege.controller.wy.QYEntranceController] - team.ascent.util.security.AesException: 签名验证错误
2016-05-01 00:18:53,131 [1278906019@qtp-2107194365-0] ERROR [com.moocollege.controller.wy.QYEntranceController] - 校验结束
2016-05-01 00:18:53,370 [1278906019@qtp-2107194365-0] ERROR [com.moocollege.controller.wy.QYEntranceController] - 手动安装应用,回调信息 应用ID:1
2016-05-01 00:18:53,412 [1278906019@qtp-2107194365-0] INFO  [team.ascent.util.weixin.QyTokenUtil] - Token还未过期,直接返回
2016-05-01 00:18:53,412 [1278906019@qtp-2107194365-0] ERROR [com.moocollege.controller.wy.QYEntranceController] - 微信校验回调地址.
2016-05-01 00:18:53,412 [1278906019@qtp-2107194365-0] ERROR [com.moocollege.controller.wy.QYEntranceController] - team.ascent.util.security.AesException: 签名验证错误
2016-05-01 00:18:53,413 [1278906019@qtp-2107194365-0] ERROR [com.moocollege.controller.wy.QYEntranceController] - 校验结束
2016-05-01 00:18:53,465 [1278906019@qtp-2107194365-0] ERROR [com.moocollege.controller.wy.QYEntranceController] - 手动安装应用,回调信息 应用ID:1
2016-05-01 00:18:53,479 [1278906019@qtp-2107194365-0] INFO  [team.ascent.util.weixin.QyTokenUtil] - Token还未过期,直接返回
2016-05-01 00:18:53,479 [1278906019@qtp-2107194365-0] ERROR [com.moocollege.controller.wy.QYEntranceController] - 微信校验回调地址.
2016-05-01 00:18:53,479 [1278906019@qtp-2107194365-0] ERROR [com.moocollege.controller.wy.QYEntranceController] - team.ascent.util.security.AesException: 签名验证错误
2016-05-01 00:18:53,480 [1278906019@qtp-2107194365-0] ERROR [com.moocollege.controller.wy.QYEntranceController] - 校验结束
2016-05-01 00:18:53,649 [1278906019@qtp-2107194365-0] ERROR [com.moocollege.controller.wy.QYEntranceController] - 手动安装应用,回调信息 应用ID:1
2016-05-01 00:18:53,662 [1278906019@qtp-2107194365-0] INFO  [team.ascent.util.weixin.QyTokenUtil] - Token还未过期,直接返回
2016-05-01 00:18:53,663 [1278906019@qtp-2107194365-0] ERROR [com.moocollege.controller.wy.QYEntranceController] - 微信校验回调地址.
2016-05-01 00:18:53,663 [1278906019@qtp-2107194365-0] ERROR [com.moocollege.controller.wy.QYEntranceController] - team.ascent.util.security.AesException: 签名验证错误
2016-05-01 00:18:53,663 [1278906019@qtp-2107194365-0] ERROR [com.moocollege.controller.wy.QYEntranceController] - 校验结束
2016-05-01 00:18:53,908 [1278906019@qtp-2107194365-0] ERROR [com.moocollege.controller.wy.QYEntranceController] - 手动安装应用,回调信息 应用ID:1
2016-05-01 00:18:53,920 [1278906019@qtp-2107194365-0] INFO  [team.ascent.util.weixin.QyTokenUtil] - Token还未过期,直接返回
2016-05-01 00:18:53,920 [1278906019@qtp-2107194365-0] ERROR [com.moocollege.controller.wy.QYEntranceController] - 微信校验回调地址.
2016-05-01 00:18:53,921 [1278906019@qtp-2107194365-0] ERROR [com.moocollege.controller.wy.QYEntranceController] - team.ascent.util.security.AesException: 签名验证错误
2016-05-01 00:18:53,921 [1278906019@qtp-2107194365-0] ERROR [com.moocollege.controller.wy.QYEntranceController] - 校验结束
2016-05-01 00:18:53,968 [1278906019@qtp-2107194365-0] ERROR [com.moocollege.controller.wy.QYEntranceController] - 手动安装应用,回调信息 应用ID:1
2016-05-01 00:18:54,010 [1278906019@qtp-2107194365-0] INFO  [team.ascent.util.weixin.QyTokenUtil] - Token还未过期,直接返回
2016-05-01 00:18:54,011 [1278906019@qtp-2107194365-0] ERROR [com.moocollege.controller.wy.QYEntranceController] - 微信校验回调地址.
2016-05-01 00:18:54,011 [1278906019@qtp-2107194365-0] ERROR [com.moocollege.controller.wy.QYEntranceController] - team.ascent.util.security.AesException: 签名验证错误
2016-05-01 00:18:54,011 [1278906019@qtp-2107194365-0] ERROR [com.moocollege.controller.wy.QYEntranceController] - 校验结束
2016-05-01 00:18:54,150 [1278906019@qtp-2107194365-0] ERROR [com.moocollege.controller.wy.QYEntranceController] - 手动安装应用,回调信息 应用ID:1
2016-05-01 00:18:54,165 [1278906019@qtp-2107194365-0] INFO  [team.ascent.util.weixin.QyTokenUtil] - Token还未过期,直接返回
2016-05-01 00:18:54,165 [1278906019@qtp-2107194365-0] ERROR [com.moocollege.controller.wy.QYEntranceController] - 微信校验回调地址.
2016-05-01 00:18:54,165 [1278906019@qtp-2107194365-0] ERROR [com.moocollege.controller.wy.QYEntranceController] - team.ascent.util.security.AesException: 签名验证错误
2016-05-01 00:18:54,166 [1278906019@qtp-2107194365-0] ERROR [com.moocollege.controller.wy.QYEntranceController] - 校验结束
2016-05-01 00:18:54,345 [1278906019@qtp-2107194365-0] ERROR [com.moocollege.controller.wy.QYEntranceController] - 手动安装应用,回调信息 应用ID:1
2016-05-01 00:18:54,356 [1278906019@qtp-2107194365-0] INFO  [team.ascent.util.weixin.QyTokenUtil] - Token还未过期,直接返回
2016-05-01 00:18:54,356 [1278906019@qtp-2107194365-0] ERROR [com.moocollege.controller.wy.QYEntranceController] - 微信校验回调地址.
2016-05-01 00:18:54,357 [1278906019@qtp-2107194365-0] ERROR [com.moocollege.controller.wy.QYEntranceController] - team.ascent.util.security.AesException: 签名验证错误
2016-05-01 00:18:54,357 [1278906019@qtp-2107194365-0] ERROR [com.moocollege.controller.wy.QYEntranceController] - 校验结束
2016-05-01 00:18:54,546 [1278906019@qtp-2107194365-0] ERROR [com.moocollege.controller.wy.QYEntranceController] - 手动安装应用,回调信息 应用ID:1
2016-05-01 00:18:54,556 [1278906019@qtp-2107194365-0] INFO  [team.ascent.util.weixin.QyTokenUtil] - Token还未过期,直接返回
2016-05-01 00:18:54,556 [1278906019@qtp-2107194365-0] ERROR [com.moocollege.controller.wy.QYEntranceController] - 微信校验回调地址.
2016-05-01 00:18:54,557 [1278906019@qtp-2107194365-0] ERROR [com.moocollege.controller.wy.QYEntranceController] - team.ascent.util.security.AesException: 签名验证错误
2016-05-01 00:18:54,557 [1278906019@qtp-2107194365-0] ERROR [com.moocollege.controller.wy.QYEntranceController] - 校验结束
2016-05-01 00:18:54,728 [1278906019@qtp-2107194365-0] ERROR [com.moocollege.controller.wy.QYEntranceController] - 手动安装应用,回调信息 应用ID:1
2016-05-01 00:18:54,740 [1278906019@qtp-2107194365-0] INFO  [team.ascent.util.weixin.QyTokenUtil] - Token还未过期,直接返回
2016-05-01 00:18:54,740 [1278906019@qtp-2107194365-0] ERROR [com.moocollege.controller.wy.QYEntranceController] - 微信校验回调地址.
2016-05-01 00:18:54,740 [1278906019@qtp-2107194365-0] ERROR [com.moocollege.controller.wy.QYEntranceController] - team.ascent.util.security.AesException: 签名验证错误
2016-05-01 00:18:54,740 [1278906019@qtp-2107194365-0] ERROR [com.moocollege.controller.wy.QYEntranceController] - 校验结束
2016-05-01 00:18:54,925 [1278906019@qtp-2107194365-0] ERROR [com.moocollege.controller.wy.QYEntranceController] - 手动安装应用,回调信息 应用ID:1
2016-05-01 00:18:54,938 [1278906019@qtp-2107194365-0] INFO  [team.ascent.util.weixin.QyTokenUtil] - Token还未过期,直接返回
2016-05-01 00:18:54,938 [1278906019@qtp-2107194365-0] ERROR [com.moocollege.controller.wy.QYEntranceController] - 微信校验回调地址.
2016-05-01 00:18:54,938 [1278906019@qtp-2107194365-0] ERROR [com.moocollege.controller.wy.QYEntranceController] - team.ascent.util.security.AesException: 签名验证错误
2016-05-01 00:18:54,939 [1278906019@qtp-2107194365-0] ERROR [com.moocollege.controller.wy.QYEntranceController] - 校验结束
2016-05-01 00:18:55,123 [1278906019@qtp-2107194365-0] ERROR [com.moocollege.controller.wy.QYEntranceController] - 手动安装应用,回调信息 应用ID:1
2016-05-01 00:18:55,133 [1278906019@qtp-2107194365-0] INFO  [team.ascent.util.weixin.QyTokenUtil] - Token还未过期,直接返回
2016-05-01 00:18:55,134 [1278906019@qtp-2107194365-0] ERROR [com.moocollege.controller.wy.QYEntranceController] - 微信校验回调地址.
2016-05-01 00:18:55,134 [1278906019@qtp-2107194365-0] ERROR [com.moocollege.controller.wy.QYEntranceController] - team.ascent.util.security.AesException: 签名验证错误
2016-05-01 00:18:55,134 [1278906019@qtp-2107194365-0] ERROR [com.moocollege.controller.wy.QYEntranceController] - 校验结束
2016-05-01 00:18:55,303 [1278906019@qtp-2107194365-0] ERROR [com.moocollege.controller.wy.QYEntranceController] - 手动安装应用,回调信息 应用ID:1
2016-05-01 00:18:55,315 [1278906019@qtp-2107194365-0] INFO  [team.ascent.util.weixin.QyTokenUtil] - Token还未过期,直接返回
2016-05-01 00:18:55,315 [1278906019@qtp-2107194365-0] ERROR [com.moocollege.controller.wy.QYEntranceController] - 微信校验回调地址.
2016-05-01 00:18:55,316 [1278906019@qtp-2107194365-0] ERROR [com.moocollege.controller.wy.QYEntranceController] - team.ascent.util.security.AesException: 签名验证错误
2016-05-01 00:18:55,316 [1278906019@qtp-2107194365-0] ERROR [com.moocollege.controller.wy.QYEntranceController] - 校验结束
2016-05-01 00:18:55,504 [1278906019@qtp-2107194365-0] ERROR [com.moocollege.controller.wy.QYEntranceController] - 手动安装应用,回调信息 应用ID:1
2016-05-01 00:18:55,527 [1278906019@qtp-2107194365-0] INFO  [team.ascent.util.weixin.QyTokenUtil] - Token还未过期,直接返回
2016-05-01 00:18:55,527 [1278906019@qtp-2107194365-0] ERROR [com.moocollege.controller.wy.QYEntranceController] - 微信校验回调地址.
2016-05-01 00:18:55,528 [1278906019@qtp-2107194365-0] ERROR [com.moocollege.controller.wy.QYEntranceController] - team.ascent.util.security.AesException: 签名验证错误
2016-05-01 00:18:55,528 [1278906019@qtp-2107194365-0] ERROR [com.moocollege.controller.wy.QYEntranceController] - 校验结束
2016-05-01 00:18:55,708 [1278906019@qtp-2107194365-0] ERROR [com.moocollege.controller.wy.QYEntranceController] - 手动安装应用,回调信息 应用ID:1
2016-05-01 00:18:55,722 [1278906019@qtp-2107194365-0] INFO  [team.ascent.util.weixin.QyTokenUtil] - Token还未过期,直接返回
2016-05-01 00:18:55,723 [1278906019@qtp-2107194365-0] ERROR [com.moocollege.controller.wy.QYEntranceController] - 微信校验回调地址.
2016-05-01 00:18:55,723 [1278906019@qtp-2107194365-0] ERROR [com.moocollege.controller.wy.QYEntranceController] - team.ascent.util.security.AesException: 签名验证错误
2016-05-01 00:18:55,723 [1278906019@qtp-2107194365-0] ERROR [com.moocollege.controller.wy.QYEntranceController] - 校验结束
2016-05-01 00:18:55,899 [1278906019@qtp-2107194365-0] ERROR [com.moocollege.controller.wy.QYEntranceController] - 手动安装应用,回调信息 应用ID:1
2016-05-01 00:18:55,913 [1278906019@qtp-2107194365-0] INFO  [team.ascent.util.weixin.QyTokenUtil] - Token还未过期,直接返回
2016-05-01 00:18:55,913 [1278906019@qtp-2107194365-0] ERROR [com.moocollege.controller.wy.QYEntranceController] - 微信校验回调地址.
2016-05-01 00:18:55,913 [1278906019@qtp-2107194365-0] ERROR [com.moocollege.controller.wy.QYEntranceController] - team.ascent.util.security.AesException: 签名验证错误
2016-05-01 00:18:55,913 [1278906019@qtp-2107194365-0] ERROR [com.moocollege.controller.wy.QYEntranceController] - 校验结束
2016-05-01 00:18:56,090 [1278906019@qtp-2107194365-0] ERROR [com.moocollege.controller.wy.QYEntranceController] - 手动安装应用,回调信息 应用ID:1
2016-05-01 00:18:56,105 [1278906019@qtp-2107194365-0] INFO  [team.ascent.util.weixin.QyTokenUtil] - Token还未过期,直接返回
2016-05-01 00:18:56,105 [1278906019@qtp-2107194365-0] ERROR [com.moocollege.controller.wy.QYEntranceController] - 微信校验回调地址.
2016-05-01 00:18:56,105 [1278906019@qtp-2107194365-0] ERROR [com.moocollege.controller.wy.QYEntranceController] - team.ascent.util.security.AesException: 签名验证错误
2016-05-01 00:18:56,105 [1278906019@qtp-2107194365-0] ERROR [com.moocollege.controller.wy.QYEntranceController] - 校验结束
2016-05-01 00:18:56,321 [1278906019@qtp-2107194365-0] ERROR [com.moocollege.controller.wy.QYEntranceController] - 手动安装应用,回调信息 应用ID:1
2016-05-01 00:18:56,337 [1278906019@qtp-2107194365-0] INFO  [team.ascent.util.weixin.QyTokenUtil] - Token还未过期,直接返回
2016-05-01 00:18:56,337 [1278906019@qtp-2107194365-0] ERROR [com.moocollege.controller.wy.QYEntranceController] - 微信校验回调地址.
2016-05-01 00:18:56,337 [1278906019@qtp-2107194365-0] ERROR [com.moocollege.controller.wy.QYEntranceController] - team.ascent.util.security.AesException: 签名验证错误
2016-05-01 00:18:56,337 [1278906019@qtp-2107194365-0] ERROR [com.moocollege.controller.wy.QYEntranceController] - 校验结束
2016-05-01 00:18:56,515 [1278906019@qtp-2107194365-0] ERROR [com.moocollege.controller.wy.QYEntranceController] - 手动安装应用,回调信息 应用ID:1
2016-05-01 00:18:56,588 [1278906019@qtp-2107194365-0] INFO  [team.ascent.util.weixin.QyTokenUtil] - Token还未过期,直接返回
2016-05-01 00:18:56,588 [1278906019@qtp-2107194365-0] ERROR [com.moocollege.controller.wy.QYEntranceController] - 微信校验回调地址.
2016-05-01 00:18:56,588 [1278906019@qtp-2107194365-0] ERROR [com.moocollege.controller.wy.QYEntranceController] - team.ascent.util.security.AesException: 签名验证错误
2016-05-01 00:18:56,588 [1278906019@qtp-2107194365-0] ERROR [com.moocollege.controller.wy.QYEntranceController] - 校验结束
2016-05-01 00:18:56,785 [1278906019@qtp-2107194365-0] ERROR [com.moocollege.controller.wy.QYEntranceController] - 手动安装应用,回调信息 应用ID:1
2016-05-01 00:18:56,797 [1278906019@qtp-2107194365-0] INFO  [team.ascent.util.weixin.QyTokenUtil] - Token还未过期,直接返回
2016-05-01 00:18:56,797 [1278906019@qtp-2107194365-0] ERROR [com.moocollege.controller.wy.QYEntranceController] - 微信校验回调地址.
2016-05-01 00:18:56,797 [1278906019@qtp-2107194365-0] ERROR [com.moocollege.controller.wy.QYEntranceController] - team.ascent.util.security.AesException: 签名验证错误
2016-05-01 00:18:56,797 [1278906019@qtp-2107194365-0] ERROR [com.moocollege.controller.wy.QYEntranceController] - 校验结束
2016-05-01 00:18:56,990 [1278906019@qtp-2107194365-0] ERROR [com.moocollege.controller.wy.QYEntranceController] - 手动安装应用,回调信息 应用ID:1
2016-05-01 00:18:57,014 [1278906019@qtp-2107194365-0] INFO  [team.ascent.util.weixin.QyTokenUtil] - Token还未过期,直接返回
2016-05-01 00:18:57,014 [1278906019@qtp-2107194365-0] ERROR [com.moocollege.controller.wy.QYEntranceController] - 微信校验回调地址.
2016-05-01 00:18:57,014 [1278906019@qtp-2107194365-0] ERROR [com.moocollege.controller.wy.QYEntranceController] - team.ascent.util.security.AesException: 签名验证错误
2016-05-01 00:18:57,015 [1278906019@qtp-2107194365-0] ERROR [com.moocollege.controller.wy.QYEntranceController] - 校验结束
2016-05-01 00:18:57,232 [1278906019@qtp-2107194365-0] ERROR [com.moocollege.controller.wy.QYEntranceController] - 手动安装应用,回调信息 应用ID:1
2016-05-01 00:18:57,245 [1278906019@qtp-2107194365-0] INFO  [team.ascent.util.weixin.QyTokenUtil] - Token还未过期,直接返回
2016-05-01 00:18:57,245 [1278906019@qtp-2107194365-0] ERROR [com.moocollege.controller.wy.QYEntranceController] - 微信校验回调地址.
2016-05-01 00:18:57,245 [1278906019@qtp-2107194365-0] ERROR [com.moocollege.controller.wy.QYEntranceController] - team.ascent.util.security.AesException: 签名验证错误
2016-05-01 00:18:57,246 [1278906019@qtp-2107194365-0] ERROR [com.moocollege.controller.wy.QYEntranceController] - 校验结束
2016-05-01 00:18:57,295 [1278906019@qtp-2107194365-0] ERROR [com.moocollege.controller.wy.QYEntranceController] - 手动安装应用,回调信息 应用ID:1
2016-05-01 00:18:57,312 [1278906019@qtp-2107194365-0] INFO  [team.ascent.util.weixin.QyTokenUtil] - Token还未过期,直接返回
2016-05-01 00:18:57,312 [1278906019@qtp-2107194365-0] ERROR [com.moocollege.controller.wy.QYEntranceController] - 微信校验回调地址.
2016-05-01 00:18:57,313 [1278906019@qtp-2107194365-0] ERROR [com.moocollege.controller.wy.QYEntranceController] - team.ascent.util.security.AesException: 签名验证错误
2016-05-01 00:18:57,313 [1278906019@qtp-2107194365-0] ERROR [com.moocollege.controller.wy.QYEntranceController] - 校验结束
2016-05-01 00:18:57,478 [1278906019@qtp-2107194365-0] ERROR [com.moocollege.controller.wy.QYEntranceController] - 手动安装应用,回调信息 应用ID:1
2016-05-01 00:18:57,490 [1278906019@qtp-2107194365-0] INFO  [team.ascent.util.weixin.QyTokenUtil] - Token还未过期,直接返回
2016-05-01 00:18:57,490 [1278906019@qtp-2107194365-0] ERROR [com.moocollege.controller.wy.QYEntranceController] - 微信校验回调地址.
2016-05-01 00:18:57,490 [1278906019@qtp-2107194365-0] ERROR [com.moocollege.controller.wy.QYEntranceController] - team.ascent.util.security.AesException: 签名验证错误
2016-05-01 00:18:57,490 [1278906019@qtp-2107194365-0] ERROR [com.moocollege.controller.wy.QYEntranceController] - 校验结束
2016-05-01 00:18:57,658 [1278906019@qtp-2107194365-0] ERROR [com.moocollege.controller.wy.QYEntranceController] - 手动安装应用,回调信息 应用ID:1
2016-05-01 00:18:57,672 [1278906019@qtp-2107194365-0] INFO  [team.ascent.util.weixin.QyTokenUtil] - Token还未过期,直接返回
2016-05-01 00:18:57,672 [1278906019@qtp-2107194365-0] ERROR [com.moocollege.controller.wy.QYEntranceController] - 微信校验回调地址.
2016-05-01 00:18:57,672 [1278906019@qtp-2107194365-0] ERROR [com.moocollege.controller.wy.QYEntranceController] - team.ascent.util.security.AesException: 签名验证错误
2016-05-01 00:18:57,673 [1278906019@qtp-2107194365-0] ERROR [com.moocollege.controller.wy.QYEntranceController] - 校验结束
2016-05-01 00:18:57,866 [1278906019@qtp-2107194365-0] ERROR [com.moocollege.controller.wy.QYEntranceController] - 手动安装应用,回调信息 应用ID:1
2016-05-01 00:18:57,914 [1278906019@qtp-2107194365-0] INFO  [team.ascent.util.weixin.QyTokenUtil] - Token还未过期,直接返回
2016-05-01 00:18:57,914 [1278906019@qtp-2107194365-0] ERROR [com.moocollege.controller.wy.QYEntranceController] - 微信校验回调地址.
2016-05-01 00:18:57,915 [1278906019@qtp-2107194365-0] ERROR [com.moocollege.controller.wy.QYEntranceController] - team.ascent.util.security.AesException: 签名验证错误
2016-05-01 00:18:57,915 [1278906019@qtp-2107194365-0] ERROR [com.moocollege.controller.wy.QYEntranceController] - 校验结束
2016-05-01 00:18:58,124 [1278906019@qtp-2107194365-0] ERROR [com.moocollege.controller.wy.QYEntranceController] - 手动安装应用,回调信息 应用ID:1
2016-05-01 00:18:58,136 [1278906019@qtp-2107194365-0] INFO  [team.ascent.util.weixin.QyTokenUtil] - Token还未过期,直接返回
2016-05-01 00:18:58,136 [1278906019@qtp-2107194365-0] ERROR [com.moocollege.controller.wy.QYEntranceController] - 微信校验回调地址.
2016-05-01 00:18:58,136 [1278906019@qtp-2107194365-0] ERROR [com.moocollege.controller.wy.QYEntranceController] - team.ascent.util.security.AesException: 签名验证错误
2016-05-01 00:18:58,137 [1278906019@qtp-2107194365-0] ERROR [com.moocollege.controller.wy.QYEntranceController] - 校验结束
2016-05-01 00:18:58,345 [1278906019@qtp-2107194365-0] ERROR [com.moocollege.controller.wy.QYEntranceController] - 手动安装应用,回调信息 应用ID:1
2016-05-01 00:18:58,356 [1278906019@qtp-2107194365-0] INFO  [team.ascent.util.weixin.QyTokenUtil] - Token还未过期,直接返回
2016-05-01 00:18:58,356 [1278906019@qtp-2107194365-0] ERROR [com.moocollege.controller.wy.QYEntranceController] - 微信校验回调地址.
2016-05-01 00:18:58,356 [1278906019@qtp-2107194365-0] ERROR [com.moocollege.controller.wy.QYEntranceController] - team.ascent.util.security.AesException: 签名验证错误
2016-05-01 00:18:58,356 [1278906019@qtp-2107194365-0] ERROR [com.moocollege.controller.wy.QYEntranceController] - 校验结束
2016-05-01 00:18:58,546 [1278906019@qtp-2107194365-0] ERROR [com.moocollege.controller.wy.QYEntranceController] - 手动安装应用,回调信息 应用ID:1
2016-05-01 00:18:58,556 [1278906019@qtp-2107194365-0] INFO  [team.ascent.util.weixin.QyTokenUtil] - Token还未过期,直接返回
2016-05-01 00:18:58,556 [1278906019@qtp-2107194365-0] ERROR [com.moocollege.controller.wy.QYEntranceController] - 微信校验回调地址.
2016-05-01 00:18:58,557 [1278906019@qtp-2107194365-0] ERROR [com.moocollege.controller.wy.QYEntranceController] - team.ascent.util.security.AesException: 签名验证错误
2016-05-01 00:18:58,557 [1278906019@qtp-2107194365-0] ERROR [com.moocollege.controller.wy.QYEntranceController] - 校验结束
2016-05-01 00:18:58,738 [1278906019@qtp-2107194365-0] ERROR [com.moocollege.controller.wy.QYEntranceController] - 手动安装应用,回调信息 应用ID:1
2016-05-01 00:18:58,751 [1278906019@qtp-2107194365-0] INFO  [team.ascent.util.weixin.QyTokenUtil] - Token还未过期,直接返回
2016-05-01 00:18:58,751 [1278906019@qtp-2107194365-0] ERROR [com.moocollege.controller.wy.QYEntranceController] - 微信校验回调地址.
2016-05-01 00:18:58,752 [1278906019@qtp-2107194365-0] ERROR [com.moocollege.controller.wy.QYEntranceController] - team.ascent.util.security.AesException: 签名验证错误
2016-05-01 00:18:58,752 [1278906019@qtp-2107194365-0] ERROR [com.moocollege.controller.wy.QYEntranceController] - 校验结束
2016-05-01 00:18:59,003 [1278906019@qtp-2107194365-0] ERROR [com.moocollege.controller.wy.QYEntranceController] - 手动安装应用,回调信息 应用ID:1
2016-05-01 00:18:59,014 [1278906019@qtp-2107194365-0] INFO  [team.ascent.util.weixin.QyTokenUtil] - Token还未过期,直接返回
2016-05-01 00:18:59,014 [1278906019@qtp-2107194365-0] ERROR [com.moocollege.controller.wy.QYEntranceController] - 微信校验回调地址.
2016-05-01 00:18:59,014 [1278906019@qtp-2107194365-0] ERROR [com.moocollege.controller.wy.QYEntranceController] - team.ascent.util.security.AesException: 签名验证错误
2016-05-01 00:18:59,014 [1278906019@qtp-2107194365-0] ERROR [com.moocollege.controller.wy.QYEntranceController] - 校验结束
2016-05-01 00:27:41,760 [1167505869@qtp-200539426-0] ERROR [com.moocollege.controller.wy.QYEntranceController] - 手动安装应用,回调信息 应用ID:1
2016-05-01 00:27:41,881 [1167505869@qtp-200539426-0] INFO  [team.ascent.util.weixin.QyTokenUtil] - 还没有token或已过期,重新获取
2016-05-01 00:27:42,810 [1167505869@qtp-200539426-0] ERROR [com.moocollege.controller.wy.QYEntranceController] - 微信校验回调地址.
2016-05-01 00:27:42,811 [1167505869@qtp-200539426-0] ERROR [com.moocollege.controller.wy.QYEntranceController] - team.ascent.util.security.AesException: 签名验证错误
2016-05-01 00:27:42,820 [1167505869@qtp-200539426-0] ERROR [com.moocollege.controller.wy.QYEntranceController] - 校验结束
2016-05-01 00:42:53,854 [1278906019@qtp-2107194365-0] ERROR [com.moocollege.controller.wy.QYEntranceController] - 手动安装应用,回调信息 应用ID:1
2016-05-01 00:42:54,049 [1278906019@qtp-2107194365-0] ERROR [com.moocollege.controller.wy.QYEntranceController] - 微信校验回调地址.
2016-05-01 00:42:54,261 [1278906019@qtp-2107194365-0] ERROR [com.moocollege.controller.wy.QYEntranceController] - 校验结束
2016-05-01 00:49:01,560 [1167505869@qtp-200539426-0] ERROR [com.moocollege.controller.wy.QYEntranceController] - 手动安装应用,回调信息 应用ID:1
2016-05-01 00:49:02,026 [1167505869@qtp-200539426-0] ERROR [com.moocollege.controller.wy.QYEntranceController] - org.springframework.beans.factory.NoSuchBeanDefinitionException: No qualifying bean of type [team.ascent.util.weixin.process.UnknowRequestTypeProcessor] is defined
2016-05-01 00:51:49,649 [1167505869@qtp-200539426-0] ERROR [com.moocollege.controller.wy.QYEntranceController] - 手动安装应用,回调信息 应用ID:1
2016-05-01 00:51:50,115 [1167505869@qtp-200539426-0] ERROR [com.moocollege.controller.wy.QYEntranceController] - org.springframework.beans.factory.NoSuchBeanDefinitionException: No qualifying bean of type [team.ascent.util.weixin.process.UnknowRequestTypeProcessor] is defined
2016-05-01 00:59:46,732 [1278906019@qtp-2107194365-0] ERROR [com.moocollege.controller.wy.QYEntranceController] - 手动安装应用,回调信息 应用ID:1
2016-05-01 00:59:47,190 [1278906019@qtp-2107194365-0] ERROR [com.moocollege.controller.wy.QYEntranceController] - org.springframework.beans.factory.NoSuchBeanDefinitionException: No qualifying bean of type [team.ascent.util.weixin.process.UnknowRequestTypeProcessor] is defined
2016-05-01 01:03:17,452 [2109348935@qtp-2061248690-0] ERROR [com.moocollege.controller.wy.QYEntranceController] - 手动安装应用,回调信息 应用ID:1
2016-05-01 01:03:18,012 [2109348935@qtp-2061248690-0] ERROR [com.moocollege.controller.wy.QYEntranceController] - org.springframework.beans.factory.NoSuchBeanDefinitionException: No qualifying bean of type [team.ascent.util.weixin.process.UnknowRequestTypeProcessor] is defined
2016-05-01 01:03:54,918 [2109348935@qtp-2061248690-0] ERROR [com.moocollege.controller.wy.QYEntranceController] - 手动安装应用,回调信息 应用ID:1
2016-05-01 01:04:14,192 [main] INFO  [team.ascent.util.weixin.QyTokenUtil] - 还没有token或已过期,重新获取
2016-05-01 01:04:22,822 [2109348935@qtp-2061248690-0] ERROR [com.moocollege.controller.wy.QYEntranceController] - 手动安装应用,回调信息 应用ID:1
2016-05-01 01:04:26,400 [2109348935@qtp-2061248690-0] ERROR [com.moocollege.controller.wy.QYEntranceController] - 手动安装应用,回调信息 应用ID:1
2016-05-01 01:04:31,276 [2109348935@qtp-2061248690-0] ERROR [com.moocollege.controller.wy.QYEntranceController] - 手动安装应用,回调信息 应用ID:1
2016-05-01 01:04:53,367 [2109348935@qtp-2061248690-0] ERROR [com.moocollege.controller.wy.QYEntranceController] - 手动安装应用,回调信息 应用ID:1
